<?xml version="1.0" encoding="UTF-8"?>
<!-- Generated by org.testng.reporters.JUnitXMLReporter -->
<testsuite ignored="0" hostname="LAPTOP-5D2VBBGP" failures="0" tests="4" name="Test" time="14.186" errors="0" timestamp="2024-08-14T12:42:50 IST">
  <testcase classname="api.test.User_Test" name="testPostUser" time="4.661"/>
  <testcase classname="api.test.User_Test" name="testGetUserByName" time="1.948"/>
  <testcase classname="api.test.User_Test" name="testUpdateUserByName" time="4.885"/>
  <testcase classname="api.test.User_Test" name="testDeleteUser" time="2.094"/>
</testsuite> <!-- Test -->
