<?xml version="1.0" encoding="UTF-8"?>
<testng-results ignored="0" total="4" passed="4" failed="0" skipped="0">
  <reporter-output>
  </reporter-output>
  <suite started-at="2024-08-14T12:42:35 IST" name="Suite" finished-at="2024-08-14T12:42:49 IST" duration-ms="14186">
    <groups>
    </groups>
    <test started-at="2024-08-14T12:42:35 IST" name="Test" finished-at="2024-08-14T12:42:49 IST" duration-ms="14186">
      <class name="api.test.User_Test">
        <test-method is-config="true" signature="setUpData()[pri:0, instance:api.test.User_Test@292b08d6]" started-at="2024-08-14T12:42:35 IST" name="setUpData" finished-at="2024-08-14T12:42:36 IST" duration-ms="216" status="PASS">
          <reporter-output>
          </reporter-output>
        </test-method> <!-- setUpData -->
        <test-method signature="testPostUser()[pri:1, instance:api.test.User_Test@292b08d6]" started-at="2024-08-14T12:42:36 IST" name="testPostUser" finished-at="2024-08-14T12:42:40 IST" duration-ms="4661" status="PASS">
          <reporter-output>
          </reporter-output>
        </test-method> <!-- testPostUser -->
        <test-method signature="testGetUserByName()[pri:2, instance:api.test.User_Test@292b08d6]" started-at="2024-08-14T12:42:40 IST" name="testGetUserByName" finished-at="2024-08-14T12:42:42 IST" duration-ms="1948" status="PASS">
          <reporter-output>
          </reporter-output>
        </test-method> <!-- testGetUserByName -->
        <test-method signature="testUpdateUserByName()[pri:3, instance:api.test.User_Test@292b08d6]" started-at="2024-08-14T12:42:42 IST" name="testUpdateUserByName" finished-at="2024-08-14T12:42:47 IST" duration-ms="4885" status="PASS">
          <reporter-output>
          </reporter-output>
        </test-method> <!-- testUpdateUserByName -->
        <test-method signature="testDeleteUser()[pri:4, instance:api.test.User_Test@292b08d6]" started-at="2024-08-14T12:42:47 IST" name="testDeleteUser" finished-at="2024-08-14T12:42:49 IST" duration-ms="2094" status="PASS">
          <reporter-output>
          </reporter-output>
        </test-method> <!-- testDeleteUser -->
      </class> <!-- api.test.User_Test -->
    </test> <!-- Test -->
  </suite> <!-- Suite -->
</testng-results>
